<?xml version="1.0" encoding="UTF-8"?>
<testsuite xmlns:xsi="http://www.w3.org/2001/XMLSchema-instance" xsi:noNamespaceSchemaLocation="https://maven.apache.org/surefire/maven-failsafe-plugin/xsd/failsafe-test-report.xsd" name="com.prs.runners.TestRunnerIT" time="16.64" tests="3" errors="1" skipped="0" failures="0">
  <properties>
[...]
</properties>
  <testcase name="test scenario 1" classname="Test feature" time="5.933"/>
  <testcase name="test scenario 1" classname="Test feature" time="7.504"/>
  <testcase name="test scenario 2" classname="Test feature" time="0.666">
    <error message="localhost could not be reached" type="net.serenitybdd.core.exceptions.SerenityManagedException">net.serenitybdd.core.exceptions.SerenityManagedException: localhost could not be reached
</error>
    <system-out><![CDATA[2020-06-07 12:24:58.832 [main] INFO  n.t.c.steps.ConsoleLoggingListener - 
        __    _____ _____ ____ _____   ____   _    ____  ____  _____ ____  
  _     \ \  |_   _| ____/ ___|_   _| |  _ \ / \  / ___|/ ___|| ____|  _ \ 
 (_)_____| |   | | |  _| \___ \ | |   | |_) / _ \ \___ \\___ \|  _| | | | |
  _|_____| |   | | | |___ ___) || |   |  __/ ___ \ ___) |___) | |___| |_| |
 (_)     | |   |_| |_____|____/ |_|   |_| /_/   \_\____/|____/|_____|____/ 
        /_/                                                                

TEST PASSED: test scenario 1
----------------------------------------------------------------------------
2020-06-07 12:24:58.834 [main] INFO  n.t.c.steps.ConsoleLoggingListener - 
 _____ _____ ____ _____   ____ _____  _    ____ _____ _____ ____  
|_   _| ____/ ___|_   _| / ___|_   _|/ \  |  _ \_   _| ____|  _ \ 
  | | |  _| \___ \ | |   \___ \ | | / _ \ | |_) || | |  _| | | | |
  | | | |___ ___) || |    ___) || |/ ___ \|  _ < | | | |___| |_| |
  |_| |_____|____/ |_|   |____/ |_/_/   \_\_| \_\|_| |_____|____/ 
                                                                  

TEST STARTED: test scenario 2
-------------------------------------------------------------------(test-feature;test-scenario-2)

  @tests
  Scenario: test scenario 2  &amp#27;[90m# src/test/resources/features/test.feature:12&amp#27;[0m
    &amp#27;[31mGiven &amp#27;[0m&amp#27;[31mI search on google&amp#27;[0m &amp#27;[90m# TestStepDefs.iSearchOngoogle()&amp#27;[0m
      &amp#27;[31mnet.serenitybdd.core.exceptions.SerenityManagedException: localhost could not be reached
	at net.serenitybdd.core.webdriver.driverproviders.RemoteDriverBuilder.theRemoteServerIsUnavailable(RemoteDriverBuilder.java:87)
	at net.serenitybdd.core.webdriver.driverproviders.RemoteDriverBuilder.ensureHostIsAvailableAt(RemoteDriverBuilder.java:72)
	at net.serenitybdd.core.webdriver.driverproviders.RemoteDriverBuilder.newRemoteDriver(RemoteDriverBuilder.java:37)
	at net.serenitybdd.core.webdriver.driverproviders.DefaultRemoteDriver.buildWithOptions(DefaultRemoteDriver.java:24)
	at net.serenitybdd.core.webdriver.driverproviders.RemoteDriverProvider.newInstance(RemoteDriverProvider.java:53)
	at net.thucydides.core.webdriver.WebDriverFactory.newWebdriverInstance(WebDriverFactory.java:127)
	at net.thucydides.core.webdriver.WebDriverFacade.newDriverInstance(WebDriverFacade.java:149)
	at net.thucydides.core.webdriver.WebDriverFacade.newProxyDriver(WebDriverFacade.java:140)
	at net.thucydides.core.webdriver.WebDriverFacade.getProxiedDriver(WebDriverFacade.java:110)
	at net.thucydides.core.webdriver.WebDriverFacade.get(WebDriverFacade.java:181)
	at net.serenitybdd.core.pages.PageObject.openPageAtUrl(PageObject.java:860)
	at net.serenitybdd.core.pages.PageObject.open(PageObject.java:761)
	at net.serenitybdd.core.pages.PageObject.open(PageObject.java:749)
	at com.prs.stepslibrary.TestSteps.whenSearchingOnGoogle(TestSteps.java:44)
	at com.prs.stepslibrary.TestSteps$$EnhancerByCGLIB$$b374b67b.CGLIB$whenSearchingOnGoogle$1(<generated>)
	at com.prs.stepslibrary.TestSteps$$EnhancerByCGLIB$$b374b67b$$FastClassByCGLIB$$392cb02e.invoke(<generated>)
	at net.sf.cglib.proxy.MethodProxy.invokeSuper(MethodProxy.java:228)
	at net.thucydides.core.steps.StepInterceptor.invokeMethod(StepInterceptor.java:449)
	at net.thucydides.core.steps.StepInterceptor.executeTestStepMethod(StepInterceptor.java:434)
	at net.thucydides.core.steps.StepInterceptor.runTestStep(StepInterceptor.java:409)
	at net.thucydides.core.steps.StepInterceptor.runOrSkipMethod(StepInterceptor.java:150)
	at net.thucydides.core.steps.StepInterceptor.testStepResult(StepInterceptor.java:137)
	at net.thucydides.core.steps.StepInterceptor.intercept(StepInterceptor.java:68)
	at com.prs.stepslibrary.TestSteps$$EnhancerByCGLIB$$b374b67b.whenSearchingOnGoogle(<generated>)
	at com.prs.stepdefs.TestStepDefs.iSearchOngoogle(TestStepDefs.java:21)
	at ✽.I search on google(src/test/resources/features/test.feature:13)
&amp#27;[0m
2020-06-07 12:24:59.170 [main] ERROR n.t.c.steps.ConsoleLoggingListener - 
           __  _____ _____ ____ _____   _____ _    ___ _     _____ ____  
  _       / / |_   _| ____/ ___|_   _| |  ___/ \  |_ _| |   | ____|  _ \ 
 (_)_____| |    | | |  _| \___ \ | |   | |_ / _ \  | || |   |  _| | | | |
  _|_____| |    | | | |___ ___) || |   |  _/ ___ \ | || |___| |___| |_| |
 (_)     | |    |_| |_____|____/ |_|   |_|/_/   \_\___|_____|_____|____/ 
          \_\                                                            

TEST FAILED WITH ERROR: test scenario 2
---------------------------------------------------------------------
2020-06-07 12:24:59.437 [main] ERROR n.t.c.steps.ConsoleLoggingListener - TEST FAILED AT STEP When searching on google
2020-06-07 12:24:59.467 [main] ERROR n.t.c.steps.ConsoleLoggingListener - localhost could not be reached
]]></system-out>
    <system-err><![CDATA[Jun 07, 2020 12:24:58 PM org.openqa.selenium.remote.DesiredCapabilities firefox
INFO: Using `new FirefoxOptions()` is preferred to `DesiredCapabilities.firefox()`
Jun 07, 2020 12:24:58 PM org.openqa.selenium.remote.DesiredCapabilities firefox
INFO: Using `new FirefoxOptions()` is preferred to `DesiredCapabilities.firefox()`
]]></system-err>
  </testcase>
</testsuite>